<?xml version="1.0" encoding="UTF-8"?>
<testng-results ignored="0" total="2" passed="2" failed="0" skipped="0">
  <reporter-output>
  </reporter-output>
  <suite started-at="2026-03-21T19:13:12 IST" name="Suite" finished-at="2026-03-21T19:13:21 IST" duration-ms="9507">
    <groups>
    </groups>
    <test started-at="2026-03-21T19:13:12 IST" name="ChromeTest" finished-at="2026-03-21T19:13:18 IST" duration-ms="6066">
      <class name="testCases.TC001_AccountRegistrationTest">
        <test-method is-config="true" signature="setup(java.lang.String,java.lang.String)[pri:0, instance:testCases.TC001_AccountRegistrationTest@6f03482]" started-at="2026-03-21T19:13:12 IST" name="setup" finished-at="2026-03-21T19:13:15 IST" duration-ms="3132" status="PASS">
          <params>
            <param index="0">
              <value>
                <![CDATA[Linux]]>
              </value>
            </param>
            <param index="1">
              <value>
                <![CDATA[chrome]]>
              </value>
            </param>
          </params>
          <reporter-output>
          </reporter-output>
        </test-method> <!-- setup -->
        <test-method signature="verify_account_registration()[pri:0, instance:testCases.TC001_AccountRegistrationTest@6f03482]" started-at="2026-03-21T19:13:15 IST" name="verify_account_registration" finished-at="2026-03-21T19:13:18 IST" duration-ms="2608" status="PASS">
          <reporter-output>
          </reporter-output>
        </test-method> <!-- verify_account_registration -->
        <test-method is-config="true" signature="tearDown()[pri:0, instance:testCases.TC001_AccountRegistrationTest@6f03482]" started-at="2026-03-21T19:13:18 IST" name="tearDown" finished-at="2026-03-21T19:13:18 IST" duration-ms="267" status="PASS">
          <reporter-output>
          </reporter-output>
        </test-method> <!-- tearDown -->
      </class> <!-- testCases.TC001_AccountRegistrationTest -->
    </test> <!-- ChromeTest -->
    <test started-at="2026-03-21T19:13:12 IST" name="firefoxTest" finished-at="2026-03-21T19:13:21 IST" duration-ms="9507">
      <class name="testCases.TC001_AccountRegistrationTest">
        <test-method is-config="true" signature="setup(java.lang.String,java.lang.String)[pri:0, instance:testCases.TC001_AccountRegistrationTest@23348b5d]" started-at="2026-03-21T19:13:12 IST" name="setup" finished-at="2026-03-21T19:13:19 IST" duration-ms="6827" status="PASS">
          <params>
            <param index="0">
              <value>
                <![CDATA[Linux]]>
              </value>
            </param>
            <param index="1">
              <value>
                <![CDATA[firefox]]>
              </value>
            </param>
          </params>
          <reporter-output>
          </reporter-output>
        </test-method> <!-- setup -->
        <test-method signature="verify_account_registration()[pri:0, instance:testCases.TC001_AccountRegistrationTest@23348b5d]" started-at="2026-03-21T19:13:19 IST" name="verify_account_registration" finished-at="2026-03-21T19:13:20 IST" duration-ms="1538" status="PASS">
          <reporter-output>
          </reporter-output>
        </test-method> <!-- verify_account_registration -->
        <test-method is-config="true" signature="tearDown()[pri:0, instance:testCases.TC001_AccountRegistrationTest@23348b5d]" started-at="2026-03-21T19:13:20 IST" name="tearDown" finished-at="2026-03-21T19:13:21 IST" duration-ms="1104" status="PASS">
          <reporter-output>
          </reporter-output>
        </test-method> <!-- tearDown -->
      </class> <!-- testCases.TC001_AccountRegistrationTest -->
    </test> <!-- firefoxTest -->
  </suite> <!-- Suite -->
</testng-results>
