<?xml version="1.0" encoding="UTF-8"?>
<testng-results ignored="0" total="1" passed="1" failed="0" skipped="0">
  <reporter-output>
  </reporter-output>
  <suite started-at="2026-03-21T12:06:29 IST" name="Suite" finished-at="2026-03-21T12:06:33 IST" duration-ms="3903">
    <groups>
    </groups>
    <test started-at="2026-03-21T12:06:29 IST" name="Test" finished-at="2026-03-21T12:06:33 IST" duration-ms="3903">
      <class name="testCases.TC001_AccountRegistrationTest">
        <test-method is-config="true" signature="setup(java.lang.String,java.lang.String)[pri:0, instance:testCases.TC001_AccountRegistrationTest@6f03482]" started-at="2026-03-21T12:06:29 IST" name="setup" finished-at="2026-03-21T12:06:31 IST" duration-ms="2025" status="PASS">
          <params>
            <param index="0">
              <value>
                <![CDATA[Windows]]>
              </value>
            </param>
            <param index="1">
              <value>
                <![CDATA[chrome]]>
              </value>
            </param>
          </params>
          <reporter-output>
          </reporter-output>
        </test-method> <!-- setup -->
        <test-method signature="verify_account_registration()[pri:0, instance:testCases.TC001_AccountRegistrationTest@6f03482]" started-at="2026-03-21T12:06:31 IST" name="verify_account_registration" finished-at="2026-03-21T12:06:33 IST" duration-ms="1668" status="PASS">
          <reporter-output>
          </reporter-output>
        </test-method> <!-- verify_account_registration -->
        <test-method is-config="true" signature="tearDown()[pri:0, instance:testCases.TC001_AccountRegistrationTest@6f03482]" started-at="2026-03-21T12:06:33 IST" name="tearDown" finished-at="2026-03-21T12:06:33 IST" duration-ms="177" status="PASS">
          <reporter-output>
          </reporter-output>
        </test-method> <!-- tearDown -->
      </class> <!-- testCases.TC001_AccountRegistrationTest -->
    </test> <!-- Test -->
  </suite> <!-- Suite -->
</testng-results>
