<?xml version="1.0" encoding="UTF-8"?>
<!-- Generated by org.testng.reporters.JUnitReportReporter -->
<testsuite hostname="LAPTOP-9AFG13RK" failures="0" tests="2" name="testCases.TC001_AccountRegistrationTest" time="4.146" errors="0" timestamp="2026-03-21T19:13:22 IST" skipped="0">
  <testcase classname="testCases.TC001_AccountRegistrationTest" name="verify_account_registration" time="2.608"/>
  <testcase classname="testCases.TC001_AccountRegistrationTest" name="verify_account_registration" time="1.538"/>
</testsuite> <!-- testCases.TC001_AccountRegistrationTest -->
