<?xml version="1.0" encoding="UTF-8"?>
<!-- Generated by org.testng.reporters.JUnitReportReporter -->
<testsuite hostname="LAPTOP-9AFG13RK" failures="0" tests="3" name="testCases.TC001_AccountRegistrationTest" time="9.707" errors="0" timestamp="2026-03-21T20:44:15 IST" skipped="0">
  <testcase classname="testCases.TC001_AccountRegistrationTest" name="verify_account_registration" time="3.821"/>
  <testcase classname="testCases.TC001_AccountRegistrationTest" name="verify_account_registration" time="4.099"/>
  <testcase classname="testCases.TC001_AccountRegistrationTest" name="verify_account_registration" time="1.787"/>
</testsuite> <!-- testCases.TC001_AccountRegistrationTest -->
