<?xml version="1.0" encoding="UTF-8"?>
<!-- Generated by org.testng.reporters.JUnitReportReporter -->
<testsuite hostname="LAPTOP-9AFG13RK" failures="0" tests="2" name="testCases.TC001_AccountRegistrationTest" time="4.045" errors="0" timestamp="2026-03-21T12:29:57 IST" skipped="0">
  <testcase classname="testCases.TC001_AccountRegistrationTest" name="verify_account_registration" time="1.634"/>
  <testcase classname="testCases.TC001_AccountRegistrationTest" name="verify_account_registration" time="2.411"/>
</testsuite> <!-- testCases.TC001_AccountRegistrationTest -->
